0 info it worked if it ends with ok
1 verbose cli [ 'c:\\Program Files\\nodejs\\node.exe',
1 verbose cli   'c:\\Program Files\\nodejs\\node_modules\\npm\\bin\\npm-cli.js',
1 verbose cli   'i',
1 verbose cli   'react-intl',
1 verbose cli   '--save' ]
2 info using npm@1.4.28
3 info using node@v0.10.32
4 verbose readDependencies using package.json deps
5 verbose cache add [ 'react-intl', null ]
6 verbose cache add name=undefined spec="react-intl" args=["react-intl",null]
7 verbose parsed url { protocol: null,
7 verbose parsed url   slashes: null,
7 verbose parsed url   auth: null,
7 verbose parsed url   host: null,
7 verbose parsed url   port: null,
7 verbose parsed url   hostname: null,
7 verbose parsed url   hash: null,
7 verbose parsed url   search: null,
7 verbose parsed url   query: null,
7 verbose parsed url   pathname: 'react-intl',
7 verbose parsed url   path: 'react-intl',
7 verbose parsed url   href: 'react-intl' }
8 silly lockFile ea8a9d6f-react-intl react-intl
9 verbose lock react-intl C:\Users\David\AppData\Roaming\npm-cache\ea8a9d6f-react-intl.lock
10 silly lockFile ea8a9d6f-react-intl react-intl
11 silly lockFile ea8a9d6f-react-intl react-intl
12 verbose addNamed [ 'react-intl', '' ]
13 verbose addNamed [ null, '*' ]
14 silly lockFile 7cfb9cd5-react-intl react-intl@
15 verbose lock react-intl@ C:\Users\David\AppData\Roaming\npm-cache\7cfb9cd5-react-intl.lock
16 silly addNameRange { name: 'react-intl', range: '*', hasData: false }
17 verbose request where is /react-intl
18 verbose request registry http://localhost:4873/
19 verbose request id 3621d7f3cb9bbede
20 verbose url raw /react-intl
21 verbose url resolving [ 'http://localhost:4873/', './react-intl' ]
22 verbose url resolved http://localhost:4873/react-intl
23 verbose request where is http://localhost:4873/react-intl
24 info trying registry request attempt 1 at 22:24:01
25 http GET http://localhost:4873/react-intl
26 info retry will retry, error on last attempt: Error: connect ECONNREFUSED
27 info trying registry request attempt 2 at 22:24:12
28 http GET http://localhost:4873/react-intl
29 info retry will retry, error on last attempt: Error: connect ECONNREFUSED
30 info trying registry request attempt 3 at 22:25:13
31 http GET http://localhost:4873/react-intl
32 silly lockFile 7cfb9cd5-react-intl react-intl@
33 silly lockFile 7cfb9cd5-react-intl react-intl@
34 error Error: connect ECONNREFUSED
34 error     at errnoException (net.js:904:11)
34 error     at Object.afterConnect [as oncomplete] (net.js:895:19)
34 error  { [Error: connect ECONNREFUSED]
34 error   code: 'ECONNREFUSED',
34 error   errno: 'ECONNREFUSED',
34 error   syscall: 'connect',
34 error   parent: 'baghira' }
35 error If you are behind a proxy, please make sure that the
35 error 'proxy' config is set properly.  See: 'npm help config'
36 error System Windows_NT 6.2.9200
37 error command "c:\\Program Files\\nodejs\\node.exe" "c:\\Program Files\\nodejs\\node_modules\\npm\\bin\\npm-cli.js" "i" "react-intl" "--save"
38 error cwd c:\Users\David\baghira
39 error node -v v0.10.32
40 error npm -v 1.4.28
41 error syscall connect
42 error code ECONNREFUSED
43 error errno ECONNREFUSED
44 error stack Error: connect ECONNREFUSED
44 error stack     at errnoException (net.js:904:11)
44 error stack     at Object.afterConnect [as oncomplete] (net.js:895:19)
45 verbose exit [ 1, true ]
